[Exec: 2025-10-20 02:04:20] [Sim:                    ] - INFO - 策略类 SimpleMAStrategy 已加载
[Exec: 2025-10-20 02:04:20] [Sim:                    ] - INFO - 基准初始化成功: 模拟股票000300 (000300), 初始价格: 10.55
[Exec: 2025-10-20 02:04:20] [Sim:                    ] - INFO - 为模拟盘注入初始净值点...
[Exec: 2025-10-20 02:04:20] [Sim:                    ] - INFO - 在 2025-10-12 (前一交易日) 注入初始净值和基准点。
[Exec: 2025-10-20 02:04:20] [Sim:                    ] - INFO - 开始执行时间同步程序...
[Exec: 2025-10-20 02:04:20] [Sim: 2025-10-13 09:00:31] - INFO - 全新模拟，调用 initialize()...
[Exec: 2025-10-20 02:04:20] [Sim: 2025-10-13 09:00:31] - INFO - 策略初始化完成
[Exec: 2025-10-20 02:04:20] [Sim: 2025-10-13 09:00:31] - INFO - 交易标的: 000001
[Exec: 2025-10-20 02:04:20] [Sim: 2025-10-13 09:00:31] - INFO - 短期均线: 5日
[Exec: 2025-10-20 02:04:20] [Sim: 2025-10-13 09:00:31] - INFO - 长期均线: 20日
[Exec: 2025-10-20 02:04:20] [Sim: 2025-10-13 09:00:31] - INFO - 上次同步时间: 2025-10-13 09:00:31
[Exec: 2025-10-20 02:04:20] [Sim: 2025-10-13 09:00:31] - INFO - 目标同步时间: 2025-10-13 09:00:32
[Exec: 2025-10-20 02:04:20] [Sim: 2025-10-13 09:00:32] - INFO - 状态已同步至当前时间: 2025-10-13 09:00:32
[Exec: 2025-10-20 02:04:20] [Sim: 2025-10-13 09:00:32] - INFO - 当前市场阶段判定为: BEFORE_TRADING
[Exec: 2025-10-20 02:04:20] [Sim: 2025-10-13 09:00:32] - INFO - 文件监控已启动: E:\BaiduSyncdisk\工作与学习\现在工作文件夹\我的量化平台\回测及模拟交易平台\strategies\simple_ma\simulation\20251020_020420
[Exec: 2025-10-20 02:04:20] [Sim: 2025-10-13 09:00:32] - INFO - 监控服务器已启动: http://localhost:8050
[Exec: 2025-10-20 02:04:22] [Sim: 2025-10-13 09:00:32] - INFO - Signal handlers registration skipped in non-main thread.
[Exec: 2025-10-20 02:04:22] [Sim: 2025-10-13 09:00:32] - INFO - 模拟盘模式启动，基于真实时间运行...
[Exec: 2025-10-20 02:04:22] [Sim: 2025-10-13 09:14:25] - INFO - --- 新交易日: 2025-10-13 ---
[Exec: 2025-10-20 02:04:23] [Sim: 2025-10-13 09:24:26] - INFO - ===== 2025-10-13 盘前准备 =====
[Exec: 2025-10-20 02:04:57] [Sim: 2025-10-13 15:05:00] - INFO - 今日成交订单数: 0
[Exec: 2025-10-20 02:04:57] [Sim: 2025-10-13 15:05:00] - INFO - 账户净资产: ¥1,000,000.00, 收益率: 0.00%
[Exec: 2025-10-20 02:04:57] [Sim: 2025-10-13 15:05:00] - INFO - 基准收益率: 0.00%
[Exec: 2025-10-20 02:05:00] [Sim: 2025-10-13 15:35:01] - INFO - 开始每日结算...
[Exec: 2025-10-20 02:05:00] [Sim: 2025-10-13 15:35:01] - INFO - 结算完成, 账户净资产: 1,000,000.00
[Exec: 2025-10-20 02:05:00] [Sim: 2025-10-13 15:35:01] - INFO - 日终结算完成
[Exec: 2025-10-20 02:05:51] [Sim: 2025-10-14 00:05:14] - INFO - --- 新交易日: 2025-10-14 ---
[Exec: 2025-10-20 02:06:46] [Sim: 2025-10-14 09:15:28] - INFO - ===== 2025-10-14 盘前准备 =====
[Exec: 2025-10-20 02:07:09] [Sim: 2025-10-14 13:05:37] - INFO - 提交订单: 24410d56-efc2-425d-b1d7-45878136098e | BUY 000001 43000 @ Market
[Exec: 2025-10-20 02:07:09] [Sim: 2025-10-14 13:05:37] - INFO - 🔼 金叉买入信号: 模拟股票000001 43000股 @11.61
[Exec: 2025-10-20 02:07:09] [Sim: 2025-10-14 13:05:37] - INFO - ✅ 成交[BUY] 000001 数量:43000 价格:11.59
[Exec: 2025-10-20 02:07:21] [Sim: 2025-10-14 15:05:42] - INFO - 今日成交订单数: 1
[Exec: 2025-10-20 02:07:21] [Sim: 2025-10-14 15:05:42] - INFO - 账户净资产: ¥999,900.31, 收益率: -0.01%
[Exec: 2025-10-20 02:07:21] [Sim: 2025-10-14 15:05:42] - INFO - 基准收益率: 15.26%
[Exec: 2025-10-20 02:07:24] [Sim: 2025-10-14 15:35:43] - INFO - 开始每日结算...
[Exec: 2025-10-20 02:07:24] [Sim: 2025-10-14 15:35:43] - INFO - 结算完成, 账户净资产: 1,011,442.37
[Exec: 2025-10-20 02:07:24] [Sim: 2025-10-14 15:35:43] - INFO - 日终结算完成
[Exec: 2025-10-20 02:08:15] [Sim: 2025-10-15 00:05:56] - INFO - --- 新交易日: 2025-10-15 ---
[Exec: 2025-10-20 02:09:10] [Sim: 2025-10-15 09:16:08] - INFO - ===== 2025-10-15 盘前准备 =====
[Exec: 2025-10-20 02:09:13] [Sim: 2025-10-15 09:46:09] - INFO - 提交订单: 06ac5287-f7a8-49f0-b4ca-ac3f9b327c3c | SELL 000001 43000 @ Market
[Exec: 2025-10-20 02:09:13] [Sim: 2025-10-15 09:46:09] - INFO - 🔽 死叉卖出信号: 模拟股票000001 43000股 @10.71
[Exec: 2025-10-20 02:09:13] [Sim: 2025-10-15 09:46:09] - INFO - ✅ 成交[SELL] 000001 数量:43000 价格:11.60 | 实现盈亏: -305.65
[Exec: 2025-10-20 02:09:37] [Sim: 2025-10-15 13:46:22] - INFO - 提交订单: f2a3f632-3580-4ee8-983e-4251a01206fa | BUY 000001 44900 @ Market
[Exec: 2025-10-20 02:09:37] [Sim: 2025-10-15 13:46:22] - INFO - 🔼 金叉买入信号: 模拟股票000001 44900股 @11.11
[Exec: 2025-10-20 02:09:37] [Sim: 2025-10-15 13:46:22] - INFO - ✅ 成交[BUY] 000001 数量:44900 价格:11.69
[Exec: 2025-10-20 02:09:45] [Sim: 2025-10-15 15:06:23] - INFO - 今日成交订单数: 2
[Exec: 2025-10-20 02:09:45] [Sim: 2025-10-15 15:06:23] - INFO - 账户净资产: ¥999,489.67, 收益率: -0.05%
[Exec: 2025-10-20 02:09:45] [Sim: 2025-10-15 15:06:23] - INFO - 基准收益率: 10.90%
[Exec: 2025-10-20 02:09:48] [Sim: 2025-10-15 15:36:24] - INFO - 开始每日结算...
[Exec: 2025-10-20 02:09:48] [Sim: 2025-10-15 15:36:24] - INFO - 结算完成, 账户净资产: 981,903.24
[Exec: 2025-10-20 02:09:48] [Sim: 2025-10-15 15:36:24] - INFO - 日终结算完成
[Exec: 2025-10-20 02:10:39] [Sim: 2025-10-16 00:06:38] - INFO - --- 新交易日: 2025-10-16 ---
[Exec: 2025-10-20 02:11:34] [Sim: 2025-10-16 09:16:53] - INFO - ===== 2025-10-16 盘前准备 =====
[Exec: 2025-10-20 02:12:09] [Sim: 2025-10-16 15:07:06] - INFO - 今日成交订单数: 0
[Exec: 2025-10-20 02:12:09] [Sim: 2025-10-16 15:07:06] - INFO - 账户净资产: ¥981,903.24, 收益率: -1.81%
[Exec: 2025-10-20 02:12:09] [Sim: 2025-10-16 15:07:06] - INFO - 基准收益率: 43.32%
[Exec: 2025-10-20 02:12:12] [Sim: 2025-10-16 15:37:07] - INFO - 开始每日结算...
[Exec: 2025-10-20 02:12:12] [Sim: 2025-10-16 15:37:07] - INFO - 结算完成, 账户净资产: 1,076,193.24
[Exec: 2025-10-20 02:12:12] [Sim: 2025-10-16 15:37:07] - INFO - 日终结算完成
[Exec: 2025-10-20 02:13:03] [Sim: 2025-10-17 00:07:19] - INFO - --- 新交易日: 2025-10-17 ---
[Exec: 2025-10-20 02:13:58] [Sim: 2025-10-17 09:17:33] - INFO - ===== 2025-10-17 盘前准备 =====
[Exec: 2025-10-20 02:14:01] [Sim: 2025-10-17 09:47:34] - INFO - 提交订单: 33585cfd-51d4-44a1-84e9-f768a19671c0 | SELL 000001 44900 @ Market
[Exec: 2025-10-20 02:14:01] [Sim: 2025-10-17 09:47:34] - INFO - 🔽 死叉卖出信号: 模拟股票000001 44900股 @12.52
[Exec: 2025-10-20 02:14:01] [Sim: 2025-10-17 09:47:34] - INFO - ✅ 成交[SELL] 000001 数量:44900 价格:11.65 | 实现盈亏: -2573.58
[Exec: 2025-10-20 02:14:24] [Sim: 2025-10-17 13:37:46] - INFO - 提交订单: 6c57c18d-a9bf-490b-b924-128ff4d7a119 | BUY 000001 38300 @ Market
[Exec: 2025-10-20 02:14:24] [Sim: 2025-10-17 13:37:46] - INFO - 🔼 金叉买入信号: 模拟股票000001 38300股 @12.99
[Exec: 2025-10-20 02:14:24] [Sim: 2025-10-17 13:37:46] - INFO - ✅ 成交[BUY] 000001 数量:38300 价格:11.64
[Exec: 2025-10-20 02:14:33] [Sim: 2025-10-17 15:07:48] - INFO - 今日成交订单数: 2
[Exec: 2025-10-20 02:14:33] [Sim: 2025-10-17 15:07:48] - INFO - 账户净资产: ¥996,826.92, 收益率: -0.32%
[Exec: 2025-10-20 02:14:33] [Sim: 2025-10-17 15:07:48] - INFO - 基准收益率: 42.94%
[Exec: 2025-10-20 02:14:36] [Sim: 2025-10-17 15:37:49] - INFO - 开始每日结算...
[Exec: 2025-10-20 02:14:36] [Sim: 2025-10-17 15:37:49] - INFO - 结算完成, 账户净资产: 1,055,363.49
[Exec: 2025-10-20 02:14:36] [Sim: 2025-10-17 15:37:49] - INFO - 日终结算完成
[Exec: 2025-10-20 02:15:27] [Sim: 2025-10-18 00:08:28] - INFO - --- 今日非交易日: 2025-10-18 ---
[Exec: 2025-10-20 02:17:51] [Sim: 2025-10-19 00:09:02] - INFO - --- 今日非交易日: 2025-10-19 ---
[Exec: 2025-10-20 02:20:15] [Sim: 2025-10-20 00:09:33] - INFO - --- 新交易日: 2025-10-20 ---
[Exec: 2025-10-20 02:21:10] [Sim: 2025-10-20 09:19:45] - INFO - ===== 2025-10-20 盘前准备 =====
[Exec: 2025-10-20 02:21:13] [Sim: 2025-10-20 09:49:47] - INFO - 提交订单: c04c4bb4-e4af-4bf7-8e7d-f47bba930f64 | SELL 000001 38300 @ Market
[Exec: 2025-10-20 02:21:13] [Sim: 2025-10-20 09:49:47] - INFO - 🔽 死叉卖出信号: 模拟股票000001 38300股 @12.37
[Exec: 2025-10-20 02:21:13] [Sim: 2025-10-20 09:49:47] - INFO - ✅ 成交[SELL] 000001 数量:38300 价格:11.61 | 实现盈亏: -1807.00
[Exec: 2025-10-20 02:21:35] [Sim: 2025-10-20 13:29:58] - INFO - 提交订单: a0375b7e-25a7-4792-86f1-f550536f0431 | BUY 000001 38900 @ Market
[Exec: 2025-10-20 02:21:35] [Sim: 2025-10-20 13:29:58] - INFO - 🔼 金叉买入信号: 模拟股票000001 38900股 @12.76
[Exec: 2025-10-20 02:21:35] [Sim: 2025-10-20 13:29:58] - INFO - ✅ 成交[BUY] 000001 数量:38900 价格:11.66
[Exec: 2025-10-20 02:21:45] [Sim: 2025-10-20 15:05:00] - INFO - 今日成交订单数: 2
[Exec: 2025-10-20 02:21:45] [Sim: 2025-10-20 15:05:00] - INFO - 账户净资产: ¥994,929.20, 收益率: -0.51%
[Exec: 2025-10-20 02:21:45] [Sim: 2025-10-20 15:05:00] - INFO - 基准收益率: 9.29%
[Exec: 2025-10-20 02:21:48] [Sim: 2025-10-20 15:35:01] - INFO - 开始每日结算...
[Exec: 2025-10-20 02:21:48] [Sim: 2025-10-20 15:35:01] - INFO - 结算完成, 账户净资产: 1,043,879.01
[Exec: 2025-10-20 02:21:48] [Sim: 2025-10-20 15:35:01] - INFO - 日终结算完成
[Exec: 2025-10-20 02:22:39] [Sim: 2025-10-21 00:05:14] - INFO - --- 新交易日: 2025-10-21 ---
[Exec: 2025-10-20 02:23:34] [Sim: 2025-10-21 09:15:29] - INFO - ===== 2025-10-21 盘前准备 =====
[Exec: 2025-10-20 02:23:36] [Sim: 2025-10-21 09:35:29] - INFO - 提交订单: 65b9bb0b-2943-4193-99d3-1147d524f551 | SELL 000001 38900 @ Market
[Exec: 2025-10-20 02:23:36] [Sim: 2025-10-21 09:35:29] - INFO - 🔽 死叉卖出信号: 模拟股票000001 38900股 @11.16
[Exec: 2025-10-20 02:23:36] [Sim: 2025-10-21 09:35:29] - INFO - ✅ 成交[SELL] 000001 数量:38900 价格:11.60 | 实现盈亏: -3002.23
[Exec: 2025-10-20 02:24:02] [Sim: 2025-10-21 13:55:42] - INFO - 提交订单: f50458af-31f5-428f-95f5-b4c6986d267f | BUY 000001 42800 @ Market
[Exec: 2025-10-20 02:24:02] [Sim: 2025-10-21 13:55:42] - INFO - 🔼 金叉买入信号: 模拟股票000001 42800股 @11.58
[Exec: 2025-10-20 02:24:02] [Sim: 2025-10-21 13:55:42] - INFO - ✅ 成交[BUY] 000001 数量:42800 价格:11.67
[Exec: 2025-10-20 02:24:09] [Sim: 2025-10-21 15:05:44] - INFO - 今日成交订单数: 2
[Exec: 2025-10-20 02:24:09] [Sim: 2025-10-21 15:05:44] - INFO - 账户净资产: ¥991,827.06, 收益率: -0.82%
[Exec: 2025-10-20 02:24:09] [Sim: 2025-10-21 15:05:44] - INFO - 基准收益率: 9.57%
[Exec: 2025-10-20 02:24:12] [Sim: 2025-10-21 15:35:45] - INFO - 开始每日结算...
[Exec: 2025-10-20 02:24:12] [Sim: 2025-10-21 15:35:45] - INFO - 结算完成, 账户净资产: 994,324.01
[Exec: 2025-10-20 02:24:12] [Sim: 2025-10-21 15:35:45] - INFO - 日终结算完成
[Exec: 2025-10-20 02:25:03] [Sim: 2025-10-22 00:05:59] - INFO - --- 新交易日: 2025-10-22 ---
[Exec: 2025-10-20 02:25:58] [Sim: 2025-10-22 09:16:13] - INFO - ===== 2025-10-22 盘前准备 =====
[Exec: 2025-10-20 02:26:04] [Sim: 2025-10-22 10:16:15] - INFO - 提交订单: 563ca657-b383-476c-9baf-a9e9a10282f4 | SELL 000001 42800 @ Market
[Exec: 2025-10-20 02:26:04] [Sim: 2025-10-22 10:16:15] - INFO - 🔽 死叉卖出信号: 模拟股票000001 42800股 @11.54
[Exec: 2025-10-20 02:26:04] [Sim: 2025-10-22 10:16:15] - INFO - ✅ 成交[SELL] 000001 数量:42800 价格:11.62 | 实现盈亏: -2877.53
[Exec: 2025-10-20 02:26:05] [Sim: 2025-10-22 10:26:16] - INFO - 提交订单: 48e78afa-2f1b-4bfd-a2b1-c80c2c0f9241 | BUY 000001 42500 @ Market
[Exec: 2025-10-20 02:26:05] [Sim: 2025-10-22 10:26:16] - INFO - 🔼 金叉买入信号: 模拟股票000001 42500股 @11.61
[Exec: 2025-10-20 02:26:05] [Sim: 2025-10-22 10:26:16] - INFO - ✅ 成交[BUY] 000001 数量:42500 价格:11.70
[Exec: 2025-10-20 02:26:07] [Sim: 2025-10-22 10:46:17] - INFO - 提交订单: a0659a37-c233-49a0-9425-f7970badc032 | SELL 000001 42500 @ Market
[Exec: 2025-10-20 02:26:07] [Sim: 2025-10-22 10:46:17] - INFO - 🔽 死叉卖出信号: 模拟股票000001 42500股 @11.60
[Exec: 2025-10-20 02:26:07] [Sim: 2025-10-22 10:46:17] - WARNING - 订单 a0659a37-c233-49a0-9425-f7970badc032 (sell 42500 000001) 被拒绝: 持仓不足 (欲卖: 42500, 可用: 0)
[Exec: 2025-10-20 02:26:33] [Sim: 2025-10-22 15:06:26] - INFO - 今日成交订单数: 2
[Exec: 2025-10-20 02:26:33] [Sim: 2025-10-22 15:06:26] - INFO - 账户净资产: ¥988,850.06, 收益率: -1.11%
[Exec: 2025-10-20 02:26:33] [Sim: 2025-10-22 15:06:26] - INFO - 基准收益率: 16.87%
[Exec: 2025-10-20 02:26:36] [Sim: 2025-10-22 15:36:27] - INFO - 开始每日结算...
[Exec: 2025-10-20 02:26:36] [Sim: 2025-10-22 15:36:27] - INFO - 结算完成, 账户净资产: 1,004,078.24
[Exec: 2025-10-20 02:26:36] [Sim: 2025-10-22 15:36:27] - INFO - 日终结算完成
[Exec: 2025-10-20 02:27:27] [Sim: 2025-10-23 00:06:40] - INFO - --- 新交易日: 2025-10-23 ---
[Exec: 2025-10-20 02:28:22] [Sim: 2025-10-23 09:16:53] - INFO - ===== 2025-10-23 盘前准备 =====
[Exec: 2025-10-20 02:28:57] [Sim: 2025-10-23 15:07:08] - INFO - 今日成交订单数: 0
[Exec: 2025-10-20 02:28:57] [Sim: 2025-10-23 15:07:08] - INFO - 账户净资产: ¥1,004,078.24, 收益率: 0.41%
[Exec: 2025-10-20 02:28:57] [Sim: 2025-10-23 15:07:08] - INFO - 基准收益率: 5.40%
[Exec: 2025-10-20 02:29:00] [Sim: 2025-10-23 15:37:08] - INFO - 开始每日结算...
[Exec: 2025-10-20 02:29:00] [Sim: 2025-10-23 15:37:08] - INFO - 结算完成, 账户净资产: 1,128,603.24
[Exec: 2025-10-20 02:29:00] [Sim: 2025-10-23 15:37:08] - INFO - 日终结算完成
[Exec: 2025-10-20 02:29:51] [Sim: 2025-10-24 00:07:23] - INFO - --- 新交易日: 2025-10-24 ---
[Exec: 2025-10-20 02:30:46] [Sim: 2025-10-24 09:17:36] - INFO - ===== 2025-10-24 盘前准备 =====
[Exec: 2025-10-20 02:30:48] [Sim: 2025-10-24 09:37:37] - INFO - 提交订单: 1fe76ea0-1fb2-4670-be2d-efaee728e4fa | SELL 000001 42500 @ Market
[Exec: 2025-10-20 02:30:48] [Sim: 2025-10-24 09:37:37] - INFO - 🔽 死叉卖出信号: 模拟股票000001 42500股 @12.85
[Exec: 2025-10-20 02:30:48] [Sim: 2025-10-24 09:37:37] - INFO - ✅ 成交[SELL] 000001 数量:42500 价格:11.61 | 实现盈亏: -4557.70
[Exec: 2025-10-20 02:31:14] [Sim: 2025-10-24 13:57:47] - INFO - 提交订单: 56c04e63-31e3-4d6b-8d52-44800a6d06d9 | BUY 000001 36900 @ Market
[Exec: 2025-10-20 02:31:14] [Sim: 2025-10-24 13:57:47] - INFO - 🔼 金叉买入信号: 模拟股票000001 36900股 @13.31
[Exec: 2025-10-20 02:31:14] [Sim: 2025-10-24 13:57:47] - INFO - ✅ 成交[BUY] 000001 数量:36900 价格:11.72
[Exec: 2025-10-20 02:31:21] [Sim: 2025-10-24 15:07:47] - INFO - 今日成交订单数: 2
[Exec: 2025-10-20 02:31:21] [Sim: 2025-10-24 15:07:47] - INFO - 账户净资产: ¥984,205.86, 收益率: -1.58%
[Exec: 2025-10-20 02:31:21] [Sim: 2025-10-24 15:07:47] - INFO - 基准收益率: 30.24%
[Exec: 2025-10-20 02:31:24] [Sim: 2025-10-24 15:37:48] - INFO - 开始每日结算...
[Exec: 2025-10-20 02:31:24] [Sim: 2025-10-24 15:37:48] - INFO - 结算完成, 账户净资产: 1,049,824.76
[Exec: 2025-10-20 02:31:24] [Sim: 2025-10-24 15:37:48] - INFO - 日终结算完成
[Exec: 2025-10-20 02:32:15] [Sim: 2025-10-25 00:07:58] - INFO - --- 今日非交易日: 2025-10-25 ---
[Exec: 2025-10-20 02:34:39] [Sim: 2025-10-26 00:08:31] - INFO - --- 今日非交易日: 2025-10-26 ---
