[Exec: 2025-10-20 01:35:56] [Sim:                    ] - INFO - 策略类 SimpleMAStrategy 已加载
[Exec: 2025-10-20 01:35:56] [Sim:                    ] - INFO - 基准初始化成功: 模拟股票000300 (000300), 初始价格: 13.56
[Exec: 2025-10-20 01:35:56] [Sim:                    ] - INFO - 为模拟盘注入初始净值点...
[Exec: 2025-10-20 01:35:56] [Sim:                    ] - INFO - 在 2025-10-12 (前一交易日) 注入初始净值和基准点。
[Exec: 2025-10-20 01:35:56] [Sim:                    ] - INFO - 开始执行时间同步程序...
[Exec: 2025-10-20 01:35:56] [Sim: 2025-10-13 09:00:39] - INFO - 全新模拟，调用 initialize()...
[Exec: 2025-10-20 01:35:56] [Sim: 2025-10-13 09:00:39] - INFO - 策略初始化完成
[Exec: 2025-10-20 01:35:56] [Sim: 2025-10-13 09:00:39] - INFO - 交易标的: 000001
[Exec: 2025-10-20 01:35:56] [Sim: 2025-10-13 09:00:39] - INFO - 短期均线: 5日
[Exec: 2025-10-20 01:35:56] [Sim: 2025-10-13 09:00:39] - INFO - 长期均线: 20日
[Exec: 2025-10-20 01:35:56] [Sim: 2025-10-13 09:00:39] - INFO - 上次同步时间: 2025-10-13 09:00:39
[Exec: 2025-10-20 01:35:56] [Sim: 2025-10-13 09:00:39] - INFO - 目标同步时间: 2025-10-13 09:00:40
[Exec: 2025-10-20 01:35:56] [Sim: 2025-10-13 09:00:40] - INFO - 状态已同步至当前时间: 2025-10-13 09:00:40
[Exec: 2025-10-20 01:35:56] [Sim: 2025-10-13 09:00:40] - INFO - 当前市场阶段判定为: BEFORE_TRADING
[Exec: 2025-10-20 01:35:57] [Sim: 2025-10-13 09:00:40] - INFO - 文件监控已启动: E:\BaiduSyncdisk\工作与学习\现在工作文件夹\我的量化平台\回测及模拟交易平台\strategies\simple_ma\simulation\20251020_013556
[Exec: 2025-10-20 01:35:57] [Sim: 2025-10-13 09:00:40] - INFO - 监控服务器已启动: http://localhost:8050
[Exec: 2025-10-20 01:35:58] [Sim: 2025-10-13 09:00:40] - INFO - Signal handlers registration skipped in non-main thread.
[Exec: 2025-10-20 01:35:58] [Sim: 2025-10-13 09:00:40] - INFO - 模拟盘模式启动，基于真实时间运行...
[Exec: 2025-10-20 01:35:58] [Sim: 2025-10-13 09:16:00] - INFO - --- 新交易日: 2025-10-13 ---
[Exec: 2025-10-20 01:35:58] [Sim: 2025-10-13 09:16:01] - INFO - ===== 2025-10-13 盘前准备 =====
[Exec: 2025-10-20 01:36:28] [Sim: 2025-10-13 14:16:14] - INFO - 提交订单: 2d98d830-f232-4469-9f38-51e89bcc2a80 | BUY 000001 33600 @ Market
[Exec: 2025-10-20 01:36:28] [Sim: 2025-10-13 14:16:14] - INFO - 🔼 金叉买入信号: 模拟股票000001 33600股 @14.88
[Exec: 2025-10-20 01:36:28] [Sim: 2025-10-13 14:16:14] - INFO - ✅ 成交[BUY] 000001 数量:33600 价格:9.68
[Exec: 2025-10-20 01:36:33] [Sim: 2025-10-13 15:06:14] - INFO - 今日成交订单数: 1
[Exec: 2025-10-20 01:36:33] [Sim: 2025-10-13 15:06:14] - INFO - 账户净资产: ¥1,177,690.04, 收益率: 17.77%
[Exec: 2025-10-20 01:36:33] [Sim: 2025-10-13 15:06:14] - INFO - 基准收益率: 0.00%
[Exec: 2025-10-20 01:36:36] [Sim: 2025-10-13 15:36:15] - INFO - 开始每日结算...
[Exec: 2025-10-20 01:36:36] [Sim: 2025-10-13 15:36:15] - INFO - 结算完成, 账户净资产: 1,179,370.04
[Exec: 2025-10-20 01:36:36] [Sim: 2025-10-13 15:36:15] - INFO - 日终结算完成
