[Exec: 2025-10-20 01:07:42] [Sim:                    ] - INFO - 策略类 SimpleMAStrategy 已加载
[Exec: 2025-10-20 01:07:42] [Sim:                    ] - INFO - 基准初始化成功: 模拟股票000300 (000300), 初始价格: 13.63
[Exec: 2025-10-20 01:07:42] [Sim:                    ] - INFO - 为模拟盘注入初始净值点...
[Exec: 2025-10-20 01:07:42] [Sim:                    ] - INFO - 在 2025-10-12 (前一交易日) 注入初始净值和基准点。
[Exec: 2025-10-20 01:07:42] [Sim:                    ] - INFO - 开始执行时间同步程序...
[Exec: 2025-10-20 01:07:42] [Sim: 2025-10-13 09:00:43] - INFO - 全新模拟，调用 initialize()...
[Exec: 2025-10-20 01:07:42] [Sim: 2025-10-13 09:00:43] - INFO - 策略初始化完成
[Exec: 2025-10-20 01:07:42] [Sim: 2025-10-13 09:00:43] - INFO - 交易标的: 000001
[Exec: 2025-10-20 01:07:42] [Sim: 2025-10-13 09:00:43] - INFO - 短期均线: 5日
[Exec: 2025-10-20 01:07:42] [Sim: 2025-10-13 09:00:43] - INFO - 长期均线: 20日
[Exec: 2025-10-20 01:07:42] [Sim: 2025-10-13 09:00:43] - INFO - 上次同步时间: 2025-10-13 09:00:43
[Exec: 2025-10-20 01:07:42] [Sim: 2025-10-13 09:00:43] - INFO - 目标同步时间: 2025-10-13 09:00:44
[Exec: 2025-10-20 01:07:43] [Sim: 2025-10-13 09:00:44] - INFO - 状态已同步至当前时间: 2025-10-13 09:00:44
[Exec: 2025-10-20 01:07:43] [Sim: 2025-10-13 09:00:44] - INFO - 当前市场阶段判定为: BEFORE_TRADING
[Exec: 2025-10-20 01:07:43] [Sim: 2025-10-13 09:00:44] - INFO - 文件监控已启动: E:\BaiduSyncdisk\工作与学习\现在工作文件夹\我的量化平台\回测及模拟交易平台\strategies\simple_ma\simulation\20251020_010742
[Exec: 2025-10-20 01:07:43] [Sim: 2025-10-13 09:00:44] - INFO - 监控服务器已启动: http://localhost:8050
[Exec: 2025-10-20 01:07:44] [Sim: 2025-10-13 09:00:44] - INFO - Signal handlers registration skipped in non-main thread.
[Exec: 2025-10-20 01:07:44] [Sim: 2025-10-13 09:00:44] - INFO - 模拟盘模式启动，基于真实时间运行...
[Exec: 2025-10-20 01:07:44] [Sim: 2025-10-13 09:16:10] - INFO - --- 新交易日: 2025-10-13 ---
[Exec: 2025-10-20 01:07:44] [Sim: 2025-10-13 09:16:12] - INFO - ===== 2025-10-13 盘前准备 =====
[Exec: 2025-10-20 01:07:59] [Sim: 2025-10-13 11:26:17] - INFO - 收到暂停指令，将在当前K线/事件处理完毕后暂停。
[Exec: 2025-10-20 01:08:00] [Sim: 2025-10-13 11:26:17] - INFO - 响应暂停请求，将在 2025-10-13 11:26:17.967739 暂停。
[Exec: 2025-10-20 01:08:00] [Sim: 2025-10-13 11:26:17] - INFO - 状态已保存到 E:\BaiduSyncdisk\工作与学习\现在工作文件夹\我的量化平台\回测及模拟交易平台\strategies\simple_ma\simulation\20251020_010742\MyStrategy_pause.pkl
[Exec: 2025-10-20 01:10:42] [Sim: 2025-10-13 11:26:17] - INFO - 回测已恢复运行
[Exec: 2025-10-20 01:10:42] [Sim: 2025-10-14 14:54:35] - INFO - --- 新交易日: 2025-10-14 ---
[Exec: 2025-10-20 01:10:43] [Sim: 2025-10-14 15:05:00] - INFO - 今日成交订单数: 0
