[Exec: 2025-10-20 01:39:39] [Sim:                    ] - INFO - 策略类 SimpleMAStrategy 已加载
[Exec: 2025-10-20 01:39:39] [Sim:                    ] - INFO - 基准初始化成功: 模拟股票000300 (000300), 初始价格: 9.52
[Exec: 2025-10-20 01:39:39] [Sim:                    ] - INFO - 为模拟盘注入初始净值点...
[Exec: 2025-10-20 01:39:39] [Sim:                    ] - INFO - 在 2025-10-12 (前一交易日) 注入初始净值和基准点。
[Exec: 2025-10-20 01:39:39] [Sim:                    ] - INFO - 开始执行时间同步程序...
[Exec: 2025-10-20 01:39:39] [Sim: 2025-10-13 09:00:29] - INFO - 全新模拟，调用 initialize()...
[Exec: 2025-10-20 01:39:39] [Sim: 2025-10-13 09:00:29] - INFO - 策略初始化完成
[Exec: 2025-10-20 01:39:39] [Sim: 2025-10-13 09:00:29] - INFO - 交易标的: 000001
[Exec: 2025-10-20 01:39:39] [Sim: 2025-10-13 09:00:29] - INFO - 短期均线: 5日
[Exec: 2025-10-20 01:39:39] [Sim: 2025-10-13 09:00:29] - INFO - 长期均线: 20日
[Exec: 2025-10-20 01:39:39] [Sim: 2025-10-13 09:00:29] - INFO - 上次同步时间: 2025-10-13 09:00:29
[Exec: 2025-10-20 01:39:39] [Sim: 2025-10-13 09:00:29] - INFO - 目标同步时间: 2025-10-13 09:00:30
[Exec: 2025-10-20 01:39:39] [Sim: 2025-10-13 09:00:30] - INFO - 状态已同步至当前时间: 2025-10-13 09:00:30
[Exec: 2025-10-20 01:39:39] [Sim: 2025-10-13 09:00:30] - INFO - 当前市场阶段判定为: BEFORE_TRADING
[Exec: 2025-10-20 01:39:39] [Sim: 2025-10-13 09:00:30] - INFO - 文件监控已启动: E:\BaiduSyncdisk\工作与学习\现在工作文件夹\我的量化平台\回测及模拟交易平台\strategies\simple_ma\simulation\20251020_013939
[Exec: 2025-10-20 01:39:39] [Sim: 2025-10-13 09:00:30] - INFO - 监控服务器已启动: http://localhost:8050
[Exec: 2025-10-20 01:39:40] [Sim: 2025-10-13 09:00:30] - INFO - Signal handlers registration skipped in non-main thread.
[Exec: 2025-10-20 01:39:40] [Sim: 2025-10-13 09:00:30] - INFO - 模拟盘模式启动，基于真实时间运行...
[Exec: 2025-10-20 01:39:40] [Sim: 2025-10-13 09:14:19] - INFO - --- 新交易日: 2025-10-13 ---
[Exec: 2025-10-20 01:39:41] [Sim: 2025-10-13 09:24:19] - INFO - ===== 2025-10-13 盘前准备 =====
[Exec: 2025-10-20 01:40:10] [Sim: 2025-10-13 14:14:33] - INFO - 提交订单: b424a704-a776-433f-b243-cde5ca07cd5c | BUY 000001 37300 @ Market
[Exec: 2025-10-20 01:40:10] [Sim: 2025-10-13 14:14:33] - INFO - 🔼 金叉买入信号: 模拟股票000001 37300股 @13.38
[Exec: 2025-10-20 01:40:10] [Sim: 2025-10-13 14:14:33] - INFO - ✅ 成交[BUY] 000001 数量:37300 价格:10.38
[Exec: 2025-10-20 01:40:15] [Sim: 2025-10-13 15:05:00] - INFO - 今日成交订单数: 1
[Exec: 2025-10-20 01:40:15] [Sim: 2025-10-13 15:05:00] - INFO - 账户净资产: ¥1,112,181.76, 收益率: 11.22%
[Exec: 2025-10-20 01:40:15] [Sim: 2025-10-13 15:05:00] - INFO - 基准收益率: 0.00%
[Exec: 2025-10-20 01:40:18] [Sim: 2025-10-13 15:35:00] - INFO - 开始每日结算...
[Exec: 2025-10-20 01:40:18] [Sim: 2025-10-13 15:35:00] - INFO - 结算完成, 账户净资产: 1,115,538.76
[Exec: 2025-10-20 01:40:18] [Sim: 2025-10-13 15:35:00] - INFO - 日终结算完成
[Exec: 2025-10-20 01:40:22] [Sim: 2025-10-13 15:35:00] - INFO - 收到暂停指令，将在当前K线/事件处理完毕后暂停。
[Exec: 2025-10-20 01:40:22] [Sim: 2025-10-13 15:35:00] - INFO - 响应暂停请求，将在 2025-10-13 15:35:00.793934 暂停。
[Exec: 2025-10-20 01:40:22] [Sim: 2025-10-13 15:35:00] - INFO - 状态已保存到 E:\BaiduSyncdisk\工作与学习\现在工作文件夹\我的量化平台\回测及模拟交易平台\strategies\simple_ma\simulation\20251020_013939\MyStrategy_pause.pkl
