[Exec: 2025-10-20 01:35:50] [Sim:                    ] - INFO - 策略类 SimpleMAStrategy 已加载
[Exec: 2025-10-20 01:35:50] [Sim:                    ] - INFO - 基准初始化成功: 模拟股票000300 (000300), 初始价格: 13.63
[Exec: 2025-10-20 01:35:50] [Sim:                    ] - INFO - 为模拟盘注入初始净值点...
[Exec: 2025-10-20 01:35:50] [Sim:                    ] - INFO - 在 2025-10-12 (前一交易日) 注入初始净值和基准点。
[Exec: 2025-10-20 01:35:50] [Sim:                    ] - INFO - 开始执行时间同步程序...
[Exec: 2025-10-20 01:35:50] [Sim: 2025-10-13 09:00:50] - INFO - 全新模拟，调用 initialize()...
[Exec: 2025-10-20 01:35:50] [Sim: 2025-10-13 09:00:50] - INFO - 策略初始化完成
[Exec: 2025-10-20 01:35:50] [Sim: 2025-10-13 09:00:50] - INFO - 交易标的: 000001
[Exec: 2025-10-20 01:35:50] [Sim: 2025-10-13 09:00:50] - INFO - 短期均线: 5日
[Exec: 2025-10-20 01:35:50] [Sim: 2025-10-13 09:00:50] - INFO - 长期均线: 20日
[Exec: 2025-10-20 01:35:50] [Sim: 2025-10-13 09:00:50] - INFO - 上次同步时间: 2025-10-13 09:00:50
[Exec: 2025-10-20 01:35:50] [Sim: 2025-10-13 09:00:50] - INFO - 目标同步时间: 2025-10-13 09:00:51
[Exec: 2025-10-20 01:35:50] [Sim: 2025-10-13 09:00:51] - INFO - 状态已同步至当前时间: 2025-10-13 09:00:51
[Exec: 2025-10-20 01:35:50] [Sim: 2025-10-13 09:00:51] - INFO - 当前市场阶段判定为: BEFORE_TRADING
[Exec: 2025-10-20 01:35:50] [Sim: 2025-10-13 09:00:51] - INFO - 文件监控已启动: E:\BaiduSyncdisk\工作与学习\现在工作文件夹\我的量化平台\回测及模拟交易平台\strategies\simple_ma\simulation\20251020_013550
[Exec: 2025-10-20 01:35:50] [Sim: 2025-10-13 09:00:51] - INFO - 监控服务器已启动: http://localhost:8050
[Exec: 2025-10-20 01:35:52] [Sim: 2025-10-13 09:00:51] - INFO - Signal handlers registration skipped in non-main thread.
[Exec: 2025-10-20 01:35:52] [Sim: 2025-10-13 09:00:51] - INFO - 模拟盘模式启动，基于真实时间运行...
[Exec: 2025-10-20 01:35:52] [Sim: 2025-10-13 09:16:51] - INFO - --- 新交易日: 2025-10-13 ---
[Exec: 2025-10-20 01:35:52] [Sim: 2025-10-13 09:16:52] - INFO - ===== 2025-10-13 盘前准备 =====
[Exec: 2025-10-20 01:36:22] [Sim: 2025-10-13 14:17:04] - INFO - 提交订单: 7a811a75-7986-4f65-a0e2-bbde23b74ed8 | BUY 000001 44100 @ Market
[Exec: 2025-10-20 01:36:22] [Sim: 2025-10-13 14:17:04] - INFO - 🔼 金叉买入信号: 模拟股票000001 44100股 @11.33
[Exec: 2025-10-20 01:36:22] [Sim: 2025-10-13 14:17:04] - INFO - ✅ 成交[BUY] 000001 数量:44100 价格:12.46
[Exec: 2025-10-20 01:36:27] [Sim: 2025-10-13 15:07:05] - INFO - 今日成交订单数: 1
[Exec: 2025-10-20 01:36:27] [Sim: 2025-10-13 15:07:05] - INFO - 账户净资产: ¥952,154.04, 收益率: -4.78%
[Exec: 2025-10-20 01:36:27] [Sim: 2025-10-13 15:07:05] - INFO - 基准收益率: 0.00%
[Exec: 2025-10-20 01:36:30] [Sim: 2025-10-13 15:37:06] - INFO - 开始每日结算...
[Exec: 2025-10-20 01:36:30] [Sim: 2025-10-13 15:37:06] - INFO - 结算完成, 账户净资产: 955,241.04
[Exec: 2025-10-20 01:36:30] [Sim: 2025-10-13 15:37:06] - INFO - 日终结算完成
[Exec: 2025-10-20 01:37:21] [Sim: 2025-10-14 00:07:17] - INFO - --- 新交易日: 2025-10-14 ---
[Exec: 2025-10-20 01:38:16] [Sim: 2025-10-14 09:17:30] - INFO - ===== 2025-10-14 盘前准备 =====
[Exec: 2025-10-20 01:38:51] [Sim: 2025-10-14 15:07:44] - INFO - 今日成交订单数: 0
[Exec: 2025-10-20 01:38:51] [Sim: 2025-10-14 15:07:44] - INFO - 账户净资产: ¥974,204.04, 收益率: -2.58%
[Exec: 2025-10-20 01:38:51] [Sim: 2025-10-14 15:07:44] - INFO - 基准收益率: 11.81%
[Exec: 2025-10-20 01:38:54] [Sim: 2025-10-14 15:37:44] - INFO - 开始每日结算...
[Exec: 2025-10-20 01:38:54] [Sim: 2025-10-14 15:37:44] - INFO - 结算完成, 账户净资产: 979,055.04
[Exec: 2025-10-20 01:38:54] [Sim: 2025-10-14 15:37:44] - INFO - 日终结算完成
