[Exec: 2025-10-20 02:00:36] [Sim:                    ] - INFO - 策略类 SimpleMAStrategy 已加载
[Exec: 2025-10-20 02:00:36] [Sim:                    ] - INFO - 基准初始化成功: 模拟股票000300 (000300), 初始价格: 10.28
[Exec: 2025-10-20 02:00:36] [Sim:                    ] - INFO - 为模拟盘注入初始净值点...
[Exec: 2025-10-20 02:00:36] [Sim:                    ] - INFO - 在 2025-10-12 (前一交易日) 注入初始净值和基准点。
[Exec: 2025-10-20 02:00:36] [Sim:                    ] - INFO - 开始执行时间同步程序...
[Exec: 2025-10-20 02:00:36] [Sim: 2025-10-13 09:00:31] - INFO - 全新模拟，调用 initialize()...
[Exec: 2025-10-20 02:00:36] [Sim: 2025-10-13 09:00:31] - INFO - 策略初始化完成
[Exec: 2025-10-20 02:00:36] [Sim: 2025-10-13 09:00:31] - INFO - 交易标的: 000001
[Exec: 2025-10-20 02:00:36] [Sim: 2025-10-13 09:00:31] - INFO - 短期均线: 5日
[Exec: 2025-10-20 02:00:36] [Sim: 2025-10-13 09:00:31] - INFO - 长期均线: 20日
[Exec: 2025-10-20 02:00:36] [Sim: 2025-10-13 09:00:31] - INFO - 上次同步时间: 2025-10-13 09:00:31
[Exec: 2025-10-20 02:00:36] [Sim: 2025-10-13 09:00:31] - INFO - 目标同步时间: 2025-10-13 09:00:31
[Exec: 2025-10-20 02:00:36] [Sim: 2025-10-13 09:00:31] - INFO - 状态已同步至当前时间: 2025-10-13 09:00:31
[Exec: 2025-10-20 02:00:36] [Sim: 2025-10-13 09:00:31] - INFO - 当前市场阶段判定为: BEFORE_TRADING
[Exec: 2025-10-20 02:00:36] [Sim: 2025-10-13 09:00:31] - INFO - 文件监控已启动: E:\BaiduSyncdisk\工作与学习\现在工作文件夹\我的量化平台\回测及模拟交易平台\strategies\simple_ma\simulation\20251020_020036
[Exec: 2025-10-20 02:00:36] [Sim: 2025-10-13 09:00:31] - INFO - 监控服务器已启动: http://localhost:8050
[Exec: 2025-10-20 02:00:37] [Sim: 2025-10-13 09:00:31] - INFO - Signal handlers registration skipped in non-main thread.
[Exec: 2025-10-20 02:00:37] [Sim: 2025-10-13 09:00:31] - INFO - 模拟盘模式启动，基于真实时间运行...
[Exec: 2025-10-20 02:00:37] [Sim: 2025-10-13 09:15:31] - INFO - --- 新交易日: 2025-10-13 ---
[Exec: 2025-10-20 02:02:23] [Sim: 2025-10-14 02:52:12] - INFO - ===== 2025-10-14 盘前准备 =====
[Exec: 2025-10-20 02:02:23] [Sim: 2025-10-14 02:53:13] - INFO - --- 新交易日: 2025-10-14 ---
