[Exec: 2025-10-20 01:32:09] [Sim:                    ] - INFO - 策略类 SimpleMAStrategy 已加载
[Exec: 2025-10-20 01:32:09] [Sim:                    ] - INFO - 基准初始化成功: 模拟股票000300 (000300), 初始价格: 11.55
[Exec: 2025-10-20 01:32:09] [Sim:                    ] - INFO - 为模拟盘注入初始净值点...
[Exec: 2025-10-20 01:32:09] [Sim:                    ] - INFO - 在 2025-10-12 (前一交易日) 注入初始净值和基准点。
[Exec: 2025-10-20 01:32:09] [Sim:                    ] - INFO - 开始执行时间同步程序...
[Exec: 2025-10-20 01:32:09] [Sim: 2025-10-13 09:00:32] - INFO - 全新模拟，调用 initialize()...
[Exec: 2025-10-20 01:32:09] [Sim: 2025-10-13 09:00:32] - INFO - 策略初始化完成
[Exec: 2025-10-20 01:32:09] [Sim: 2025-10-13 09:00:32] - INFO - 交易标的: 000001
[Exec: 2025-10-20 01:32:09] [Sim: 2025-10-13 09:00:32] - INFO - 短期均线: 5日
[Exec: 2025-10-20 01:32:09] [Sim: 2025-10-13 09:00:32] - INFO - 长期均线: 20日
[Exec: 2025-10-20 01:32:09] [Sim: 2025-10-13 09:00:32] - INFO - 上次同步时间: 2025-10-13 09:00:32
[Exec: 2025-10-20 01:32:09] [Sim: 2025-10-13 09:00:32] - INFO - 目标同步时间: 2025-10-13 09:00:34
[Exec: 2025-10-20 01:32:09] [Sim: 2025-10-13 09:00:34] - INFO - 状态已同步至当前时间: 2025-10-13 09:00:34
[Exec: 2025-10-20 01:32:09] [Sim: 2025-10-13 09:00:34] - INFO - 当前市场阶段判定为: BEFORE_TRADING
[Exec: 2025-10-20 01:32:09] [Sim: 2025-10-13 09:00:34] - INFO - 文件监控已启动: E:\BaiduSyncdisk\工作与学习\现在工作文件夹\我的量化平台\回测及模拟交易平台\strategies\simple_ma\simulation\20251020_013209
[Exec: 2025-10-20 01:32:09] [Sim: 2025-10-13 09:00:34] - INFO - 监控服务器已启动: http://localhost:8050
[Exec: 2025-10-20 01:32:10] [Sim: 2025-10-13 09:00:34] - INFO - Signal handlers registration skipped in non-main thread.
[Exec: 2025-10-20 01:32:10] [Sim: 2025-10-13 09:00:34] - INFO - 模拟盘模式启动，基于真实时间运行...
[Exec: 2025-10-20 01:32:10] [Sim: 2025-10-13 09:14:24] - INFO - --- 新交易日: 2025-10-13 ---
[Exec: 2025-10-20 01:32:11] [Sim: 2025-10-13 09:24:24] - INFO - ===== 2025-10-13 盘前准备 =====
[Exec: 2025-10-20 01:32:40] [Sim: 2025-10-13 14:14:40] - INFO - 提交订单: fdd89c0b-fd4c-484d-b670-3edb76b666dc | BUY 000001 34700 @ Market
[Exec: 2025-10-20 01:32:40] [Sim: 2025-10-13 14:14:40] - INFO - 🔼 金叉买入信号: 模拟股票000001 34700股 @14.38
[Exec: 2025-10-20 01:32:40] [Sim: 2025-10-13 14:14:40] - INFO - ✅ 成交[BUY] 000001 数量:34700 价格:13.33
[Exec: 2025-10-20 01:32:45] [Sim: 2025-10-13 15:05:00] - INFO - 今日成交订单数: 1
[Exec: 2025-10-20 01:32:45] [Sim: 2025-10-13 15:05:00] - INFO - 账户净资产: ¥1,038,309.26, 收益率: 3.83%
[Exec: 2025-10-20 01:32:45] [Sim: 2025-10-13 15:05:00] - INFO - 基准收益率: 0.00%
[Exec: 2025-10-20 01:32:48] [Sim: 2025-10-13 15:35:01] - INFO - 开始每日结算...
[Exec: 2025-10-20 01:32:48] [Sim: 2025-10-13 15:35:01] - INFO - 结算完成, 账户净资产: 1,043,167.26
[Exec: 2025-10-20 01:32:48] [Sim: 2025-10-13 15:35:01] - INFO - 日终结算完成
[Exec: 2025-10-20 01:33:39] [Sim: 2025-10-14 00:05:14] - INFO - --- 新交易日: 2025-10-14 ---
[Exec: 2025-10-20 01:34:34] [Sim: 2025-10-14 09:15:27] - INFO - ===== 2025-10-14 盘前准备 =====
[Exec: 2025-10-20 01:34:36] [Sim: 2025-10-14 09:35:27] - INFO - 提交订单: aa3e7808-a186-434a-b2a0-2335efefe22b | SELL 000001 34700 @ Market
[Exec: 2025-10-20 01:34:36] [Sim: 2025-10-14 09:35:27] - INFO - 🔽 死叉卖出信号: 模拟股票000001 34700股 @10.19
[Exec: 2025-10-20 01:34:36] [Sim: 2025-10-14 09:35:27] - INFO - ✅ 成交[SELL] 000001 数量:34700 价格:13.33 | 实现盈亏: -786.02
[Exec: 2025-10-20 01:35:03] [Sim: 2025-10-14 14:05:42] - INFO - 提交订单: 1b363138-1d33-4193-8acb-6a3bcd12c181 | BUY 000001 46500 @ Market
[Exec: 2025-10-20 01:35:03] [Sim: 2025-10-14 14:05:42] - INFO - 🔼 金叉买入信号: 模拟股票000001 46500股 @10.73
[Exec: 2025-10-20 01:35:03] [Sim: 2025-10-14 14:05:42] - INFO - ✅ 成交[BUY] 000001 数量:46500 价格:13.37
[Exec: 2025-10-20 01:35:09] [Sim: 2025-10-14 15:05:42] - INFO - 今日成交订单数: 2
[Exec: 2025-10-20 01:35:09] [Sim: 2025-10-14 15:05:42] - INFO - 账户净资产: ¥879,335.83, 收益率: -12.07%
[Exec: 2025-10-20 01:35:09] [Sim: 2025-10-14 15:05:42] - INFO - 基准收益率: 13.59%
[Exec: 2025-10-20 01:35:12] [Sim: 2025-10-14 15:35:42] - INFO - 开始每日结算...
[Exec: 2025-10-20 01:35:12] [Sim: 2025-10-14 15:35:42] - INFO - 结算完成, 账户净资产: 878,870.83
[Exec: 2025-10-20 01:35:12] [Sim: 2025-10-14 15:35:42] - INFO - 日终结算完成
